[INFO] 2020-01-28 15:04:13,413 com.hdfc.irm.IrmApplication main - starting IrmApplication
[INFO] 2020-01-28 15:04:13,813 com.hdfc.irm.IrmApplication main - starting IrmApplication
[INFO] 2020-01-28 15:04:18,987 com.hdfc.irm.IrmApplication main - IrmApplication has started
[INFO] 2020-01-28 15:07:33,584 com.hdfc.irm.app.controller.DecisionController calculateDecission - Request recieved from :10451: policy id:PLC123
[INFO] 2020-01-28 15:07:35,884 com.hdfc.irm.app.service.DecisionService calculateDecision - Requests recieved with ntID:10451
[DEBUG] 2020-01-28 15:07:35,886 com.hdfc.irm.app.service.DecisionService debug - DecisionRequest [employeeNTId=10451, employeeUserName=User1, customerID=Customer1, policyID=PLC123, policyHolderName=TESTNAME, walkinType=CUSTOMER1, nbAccountType=SAME, otpStatus=NOT_REQUIRED, paymentAmount=10000.0, payoutBranchID=HDFC123, accountValidationFlag=false]
[INFO] 2020-01-28 15:07:35,886 com.hdfc.irm.app.service.DecisionService calculateDecision - Calculated Name match status:FULL_MATCH
[INFO] 2020-01-28 15:07:35,984 com.hdfc.irm.engine.service.IrmRuleEngine parseAndGetResult - Input values:{requestId=c0c51dbc-63c8-48f7-9ae1-abd4d9f23a44, employeeNTId=10451, employeeUserName=User1, customerID=Customer1, policyID=PLC123, policyHolderName=TESTNAME, walkinType=CUSTOMER1, nbAccountType=SAME, otpStatus=NOT_REQUIRED, payoutBranchID=HDFC123, paymentAmount=10000.0, lowerBoundAmount=500000.0, upperBoundAmount=700000.0, nameMatchStatus=FULL_MATCH, accountValidationFlag=false}
[INFO] 2020-01-28 15:07:36,146 com.hdfc.irm.app.service.DecisionService calculateDecision - Requests processed of ntID:10451: decision:NO_DECISION
[INFO] 2020-01-28 15:07:36,146 com.hdfc.irm.app.controller.DecisionController calculateDecission - Request processed of employeeNTID :10451: policy id:PLC123:Decision:NO_DECISION
[INFO] 2020-01-28 15:08:15,663 com.hdfc.irm.IrmApplication main - starting IrmApplication
[INFO] 2020-01-28 15:09:29,172 com.hdfc.irm.IrmApplication main - starting IrmApplication
[INFO] 2020-01-28 15:09:29,589 com.hdfc.irm.IrmApplication main - starting IrmApplication
[INFO] 2020-01-28 15:10:37,960 com.hdfc.irm.IrmApplication main - IrmApplication has started
[INFO] 2020-01-28 15:12:04,756 com.hdfc.irm.IrmApplication main - starting IrmApplication
[INFO] 2020-01-28 15:13:06,995 com.hdfc.irm.IrmApplication main - IrmApplication has started
[INFO] 2020-01-28 15:26:53,822 com.hdfc.irm.IrmApplication main - starting IrmApplication
[INFO] 2020-01-28 15:26:54,162 com.hdfc.irm.IrmApplication main - starting IrmApplication
[INFO] 2020-01-28 15:26:58,474 com.hdfc.irm.IrmApplication main - IrmApplication has started
[INFO] 2020-01-28 15:28:54,081 com.hdfc.irm.IrmApplication main - starting IrmApplication
[INFO] 2020-01-28 15:28:55,087 com.hdfc.irm.IrmApplication main - IrmApplication has started
[INFO] 2020-01-28 15:39:30,475 com.hdfc.irm.app.controller.DecisionController calculateDecission - Request recieved from :10451: policy id:PLC123
[INFO] 2020-01-28 15:39:30,479 com.hdfc.irm.app.service.DecisionService calculateDecision - Requests recieved with ntID:10451
[DEBUG] 2020-01-28 15:39:30,480 com.hdfc.irm.app.service.DecisionService debug - DecisionRequest [employeeNTId=10451, employeeUserName=User1, customerID= w, policyID=PLC123, policyHolderName=TESTNAME, walkinType=CUSTOMER, nbAccountType=SAME, otpStatus=NOT_REQUIRED, paymentAmount=10000.0, payoutBranchID=HDFC123, accountValidationFlag=false]
[INFO] 2020-01-28 15:39:30,481 com.hdfc.irm.app.service.DecisionService calculateDecision - Calculated Name match status:FULL_MATCH
[INFO] 2020-01-28 15:39:30,499 com.hdfc.irm.engine.service.IrmRuleEngine parseAndGetResult - Input values:{requestId=56f1ba44-d22d-4fb8-8cf5-5225826842e8, employeeNTId=10451, employeeUserName=User1, customerID= w, policyID=PLC123, policyHolderName=TESTNAME, walkinType=CUSTOMER, nbAccountType=SAME, otpStatus=NOT_REQUIRED, payoutBranchID=HDFC123, paymentAmount=10000.0, lowerBoundAmount=500000.0, upperBoundAmount=700000.0, nameMatchStatus=FULL_MATCH, accountValidationFlag=false}
[INFO] 2020-01-28 15:39:30,551 com.hdfc.irm.app.service.DecisionService calculateDecision - Requests processed of ntID:10451: decision:STP
[INFO] 2020-01-28 15:39:30,551 com.hdfc.irm.app.controller.DecisionController calculateDecission - Request processed of employeeNTID :10451: policy id:PLC123:Decision:STP
[INFO] 2020-01-28 15:56:29,467 com.hdfc.irm.IrmApplication main - starting IrmApplication
[INFO] 2020-01-28 15:56:30,907 com.hdfc.irm.IrmApplication main - IrmApplication has started
